This file contains any messages produced by compilers while
running configure, to aid debugging if configure makes a mistake.

It was created by configure, which was
generated by GNU Autoconf 2.64.  Invocation command line was

  $ ./configure --disable-option-checking --prefix=/home/dianyu/dujuan/local --program-transform-name=s,y,y, --build=x86_64-linux-gnu --host=aarch64-buildroot-linux-gnu --target=aarch64-buildroot-linux-gnu build_alias=x86_64-linux-gnu host_alias=aarch64-buildroot-linux-gnu target_alias=aarch64-buildroot-linux-gnu CC=aarch64-buildroot-linux-gnu-gcc CFLAGS=-g -O2 LDFLAGS=-static-libstdc++ -static-libgcc  CXX=aarch64-buildroot-linux-gnu-g++ CXXFLAGS=-g -O2 MAKEINFO=makeinfo --split-size=5000000 YACC=bison -y --cache-file=.././config.cache --srcdir=.

## --------- ##
## Platform. ##
## --------- ##

hostname = dianyu
uname -m = x86_64
uname -r = 5.4.0-146-generic
uname -s = Linux
uname -v = #163~18.04.1-Ubuntu SMP Mon Mar 20 15:02:59 UTC 2023

/usr/bin/uname -p = unknown
/bin/uname -X     = unknown

/bin/arch              = unknown
/usr/bin/arch -k       = unknown
/usr/convex/getsysinfo = unknown
/usr/bin/hostinfo      = unknown
/bin/machine           = unknown
/usr/bin/oslevel       = unknown
/bin/universe          = unknown

PATH: /home/dianyu/dujuan/sail_rk356x_linux_release_v1.3.0_20220620/buildroot/output/sail_rk3568/host/bin
PATH: /usr/local/sbin
PATH: /usr/local/bin
PATH: /usr/sbin
PATH: /usr/bin
PATH: /sbin
PATH: /bin
PATH: /usr/games
PATH: /usr/local/games
PATH: /snap/bin


## ----------- ##
## Core tests. ##
## ----------- ##

configure:2441: loading cache .././config.cache
configure:2529: checking whether to enable maintainer-specific portions of Makefiles
configure:2538: result: no
configure:2560: checking for aarch64-buildroot-linux-gnu-gcc
configure:2587: result: aarch64-buildroot-linux-gnu-gcc
configure:2856: checking for C compiler version
configure:2865: aarch64-buildroot-linux-gnu-gcc --version >&5
aarch64-buildroot-linux-gnu-gcc.br_real (Buildroot 2018.02-rc3-dirty) 10.3.0
Copyright (C) 2020 Free Software Foundation, Inc.
This is free software; see the source for copying conditions.  There is NO
warranty; not even for MERCHANTABILITY or FITNESS FOR A PARTICULAR PURPOSE.

configure:2876: $? = 0
configure:2865: aarch64-buildroot-linux-gnu-gcc -v >&5
Using built-in specs.
COLLECT_GCC=/home/dianyu/dujuan/sail_rk356x_linux_release_v1.3.0_20220620/buildroot/output/sail_rk3568/host/bin/aarch64-buildroot-linux-gnu-gcc.br_real
COLLECT_LTO_WRAPPER=/home/dianyu/dujuan/sail_rk356x_linux_release_v1.3.0_20220620/buildroot/output/sail_rk3568/host/libexec/gcc/aarch64-buildroot-linux-gnu/10.3.0/lto-wrapper
Target: aarch64-buildroot-linux-gnu
Configured with: ./configure --prefix=/home/dianyu/dujuan/sail_rk356x_linux_release_v1.3.0_20220620/buildroot/output/sail_rk3568/host --sysconfdir=/home/dianyu/dujuan/sail_rk356x_linux_release_v1.3.0_20220620/buildroot/output/sail_rk3568/host/etc --enable-static --target=aarch64-buildroot-linux-gnu --with-sysroot=/home/dianyu/dujuan/sail_rk356x_linux_release_v1.3.0_20220620/buildroot/output/sail_rk3568/host/aarch64-buildroot-linux-gnu/sysroot --enable-__cxa_atexit --with-gnu-ld --disable-libssp --disable-multilib --disable-decimal-float --with-gmp=/home/dianyu/dujuan/sail_rk356x_linux_release_v1.3.0_20220620/buildroot/output/sail_rk3568/host --with-mpc=/home/dianyu/dujuan/sail_rk356x_linux_release_v1.3.0_20220620/buildroot/output/sail_rk3568/host --with-mpfr=/home/dianyu/dujuan/sail_rk356x_linux_release_v1.3.0_20220620/buildroot/output/sail_rk3568/host --with-pkgversion='Buildroot 2018.02-rc3-dirty' --with-bugurl=http://bugs.buildroot.net/ --without-zstd --disable-libquadmath --disable-libquadmath-support --enable-tls --enable-threads --without-isl --without-cloog --with-abi=lp64 --with-cpu=cortex-a55 --enable-languages=c,c++ --with-build-time-tools=/home/dianyu/dujuan/sail_rk356x_linux_release_v1.3.0_20220620/buildroot/output/sail_rk3568/host/aarch64-buildroot-linux-gnu/bin --enable-shared --disable-libgomp
Thread model: posix
Supported LTO compression algorithms: zlib
gcc version 10.3.0 (Buildroot 2018.02-rc3-dirty) 
configure:2876: $? = 0
configure:2865: aarch64-buildroot-linux-gnu-gcc -V >&5
aarch64-buildroot-linux-gnu-gcc.br_real: error: unrecognized command-line option '-V'
aarch64-buildroot-linux-gnu-gcc.br_real: fatal error: no input files
compilation terminated.
configure:2876: $? = 1
configure:2865: aarch64-buildroot-linux-gnu-gcc -qversion >&5
aarch64-buildroot-linux-gnu-gcc.br_real: error: unrecognized command-line option '-qversion'; did you mean '--version'?
aarch64-buildroot-linux-gnu-gcc.br_real: fatal error: no input files
compilation terminated.
configure:2876: $? = 1
configure:2896: checking for C compiler default output file name
configure:2918: aarch64-buildroot-linux-gnu-gcc -g -O2  -static-libstdc++ -static-libgcc  conftest.c  >&5
configure:2922: $? = 0
configure:2959: result: a.out
configure:2975: checking whether the C compiler works
configure:3003: result: yes
configure:3010: checking whether we are cross compiling
configure:3012: result: yes
configure:3015: checking for suffix of executables
configure:3022: aarch64-buildroot-linux-gnu-gcc -o conftest -g -O2  -static-libstdc++ -static-libgcc  conftest.c  >&5
configure:3026: $? = 0
configure:3048: result: 
configure:3054: checking for suffix of object files
configure:3101: result: o
configure:3105: checking whether we are using the GNU C compiler
configure:3133: result: yes
configure:3142: checking whether aarch64-buildroot-linux-gnu-gcc accepts -g
configure:3203: result: yes
configure:3220: checking for aarch64-buildroot-linux-gnu-gcc option to accept ISO C89
configure:3297: result: none needed
configure:3429: checking for C++ compiler version
configure:3438: aarch64-buildroot-linux-gnu-g++ --version >&5
aarch64-buildroot-linux-gnu-g++.br_real (Buildroot 2018.02-rc3-dirty) 10.3.0
Copyright (C) 2020 Free Software Foundation, Inc.
This is free software; see the source for copying conditions.  There is NO
warranty; not even for MERCHANTABILITY or FITNESS FOR A PARTICULAR PURPOSE.

configure:3449: $? = 0
configure:3438: aarch64-buildroot-linux-gnu-g++ -v >&5
Using built-in specs.
COLLECT_GCC=/home/dianyu/dujuan/sail_rk356x_linux_release_v1.3.0_20220620/buildroot/output/sail_rk3568/host/bin/aarch64-buildroot-linux-gnu-g++.br_real
COLLECT_LTO_WRAPPER=/home/dianyu/dujuan/sail_rk356x_linux_release_v1.3.0_20220620/buildroot/output/sail_rk3568/host/libexec/gcc/aarch64-buildroot-linux-gnu/10.3.0/lto-wrapper
Target: aarch64-buildroot-linux-gnu
Configured with: ./configure --prefix=/home/dianyu/dujuan/sail_rk356x_linux_release_v1.3.0_20220620/buildroot/output/sail_rk3568/host --sysconfdir=/home/dianyu/dujuan/sail_rk356x_linux_release_v1.3.0_20220620/buildroot/output/sail_rk3568/host/etc --enable-static --target=aarch64-buildroot-linux-gnu --with-sysroot=/home/dianyu/dujuan/sail_rk356x_linux_release_v1.3.0_20220620/buildroot/output/sail_rk3568/host/aarch64-buildroot-linux-gnu/sysroot --enable-__cxa_atexit --with-gnu-ld --disable-libssp --disable-multilib --disable-decimal-float --with-gmp=/home/dianyu/dujuan/sail_rk356x_linux_release_v1.3.0_20220620/buildroot/output/sail_rk3568/host --with-mpc=/home/dianyu/dujuan/sail_rk356x_linux_release_v1.3.0_20220620/buildroot/output/sail_rk3568/host --with-mpfr=/home/dianyu/dujuan/sail_rk356x_linux_release_v1.3.0_20220620/buildroot/output/sail_rk3568/host --with-pkgversion='Buildroot 2018.02-rc3-dirty' --with-bugurl=http://bugs.buildroot.net/ --without-zstd --disable-libquadmath --disable-libquadmath-support --enable-tls --enable-threads --without-isl --without-cloog --with-abi=lp64 --with-cpu=cortex-a55 --enable-languages=c,c++ --with-build-time-tools=/home/dianyu/dujuan/sail_rk356x_linux_release_v1.3.0_20220620/buildroot/output/sail_rk3568/host/aarch64-buildroot-linux-gnu/bin --enable-shared --disable-libgomp
Thread model: posix
Supported LTO compression algorithms: zlib
gcc version 10.3.0 (Buildroot 2018.02-rc3-dirty) 
configure:3449: $? = 0
configure:3438: aarch64-buildroot-linux-gnu-g++ -V >&5
aarch64-buildroot-linux-gnu-g++.br_real: error: unrecognized command-line option '-V'
aarch64-buildroot-linux-gnu-g++.br_real: fatal error: no input files
compilation terminated.
configure:3449: $? = 1
configure:3438: aarch64-buildroot-linux-gnu-g++ -qversion >&5
aarch64-buildroot-linux-gnu-g++.br_real: error: unrecognized command-line option '-qversion'; did you mean '--version'?
aarch64-buildroot-linux-gnu-g++.br_real: fatal error: no input files
compilation terminated.
configure:3449: $? = 1
configure:3453: checking whether we are using the GNU C++ compiler
configure:3481: result: yes
configure:3490: checking whether aarch64-buildroot-linux-gnu-g++ accepts -g
configure:3551: result: yes
configure:3580: checking how to run the C preprocessor
configure:3650: result: aarch64-buildroot-linux-gnu-gcc -E
configure:3670: aarch64-buildroot-linux-gnu-gcc -E  conftest.c
configure:3670: $? = 0
configure:3684: aarch64-buildroot-linux-gnu-gcc -E  conftest.c
conftest.c:9:10: fatal error: ac_nonexistent.h: No such file or directory
    9 | #include <ac_nonexistent.h>
      |          ^~~~~~~~~~~~~~~~~~
compilation terminated.
configure:3684: $? = 1
configure: failed program was:
| /* confdefs.h */
| #define PACKAGE_NAME ""
| #define PACKAGE_TARNAME ""
| #define PACKAGE_VERSION ""
| #define PACKAGE_STRING ""
| #define PACKAGE_BUGREPORT ""
| #define PACKAGE_URL ""
| /* end confdefs.h.  */
| #include <ac_nonexistent.h>
configure:3713: checking for grep that handles long lines and -e
configure:3771: result: /bin/grep
configure:3776: checking for egrep
configure:3838: result: /bin/grep -E
configure:3843: checking for ANSI C header files
configure:3947: result: yes
configure:3960: checking for sys/types.h
configure:3960: result: yes
configure:3960: checking for sys/stat.h
configure:3960: result: yes
configure:3960: checking for stdlib.h
configure:3960: result: yes
configure:3960: checking for string.h
configure:3960: result: yes
configure:3960: checking for memory.h
configure:3960: result: yes
configure:3960: checking for strings.h
configure:3960: result: yes
configure:3960: checking for inttypes.h
configure:3960: result: yes
configure:3960: checking for stdint.h
configure:3960: result: yes
configure:3960: checking for unistd.h
configure:3960: result: yes
configure:3974: checking for minix/config.h
configure:3974: result: no
configure:3995: checking whether it is safe to define __EXTENSIONS__
configure:4020: result: yes
configure:4042: checking for special C compiler options needed for large files
configure:4087: result: no
configure:4093: checking for _FILE_OFFSET_BITS value needed for large files
configure:4150: result: no
configure:4261: checking build system type
configure:4275: result: x86_64-pc-linux-gnu
configure:4295: checking host system type
configure:4308: result: aarch64-buildroot-linux-gnu
configure:4328: checking target system type
configure:4341: result: aarch64-buildroot-linux-gnu
configure:4383: checking for a BSD-compatible install
configure:4451: result: /usr/bin/install -c
configure:4465: checking for aarch64-buildroot-linux-gnu-ar
configure:4492: result: aarch64-buildroot-linux-gnu-ar
configure:4557: checking for aarch64-buildroot-linux-gnu-ranlib
configure:4584: result: aarch64-buildroot-linux-gnu-ranlib
configure:4669: checking whether aarch64-buildroot-linux-gnu-g++ supports C++11 features by default
configure:4970: result: yes
configure:5636: checking for ANSI C header files
configure:5740: result: yes
configure:5870: checking dependency style of aarch64-buildroot-linux-gnu-gcc
configure:5955: result: gcc3
configure:6041: === configuring in build-gnulib-gdbserver (/home/dianyu/dujuan/local/gdb-8.1.1/gdb/gdbserver/build-gnulib-gdbserver)
configure:6068: running /bin/bash .././../gnulib/configure --disable-option-checking '--prefix=/home/dianyu/dujuan/local'  '--program-transform-name=s,y,y,' '--build=x86_64-linux-gnu' '--host=aarch64-buildroot-linux-gnu' '--target=aarch64-buildroot-linux-gnu' 'build_alias=x86_64-linux-gnu' 'host_alias=aarch64-buildroot-linux-gnu' 'target_alias=aarch64-buildroot-linux-gnu' 'CC=aarch64-buildroot-linux-gnu-gcc' 'CFLAGS=-g -O2' 'LDFLAGS=-static-libstdc++ -static-libgcc ' 'CXX=aarch64-buildroot-linux-gnu-g++' 'CXXFLAGS=-g -O2' 'MAKEINFO=makeinfo --split-size=5000000' 'YACC=bison -y' --cache-file=.././config.cache --srcdir=.././../gnulib
configure:6144: === configuring in build-libiberty-gdbserver (/home/dianyu/dujuan/local/gdb-8.1.1/gdb/gdbserver/build-libiberty-gdbserver)
configure:6171: running /bin/bash .././../../libiberty/configure --disable-option-checking '--prefix=/home/dianyu/dujuan/local'  '--program-transform-name=s,y,y,' '--build=x86_64-linux-gnu' '--host=aarch64-buildroot-linux-gnu' '--target=aarch64-buildroot-linux-gnu' 'build_alias=x86_64-linux-gnu' 'host_alias=aarch64-buildroot-linux-gnu' 'target_alias=aarch64-buildroot-linux-gnu' 'CC=aarch64-buildroot-linux-gnu-gcc' 'CFLAGS=-g -O2' 'LDFLAGS=-static-libstdc++ -static-libgcc ' 'CXX=aarch64-buildroot-linux-gnu-g++' 'CXXFLAGS=-g -O2' 'MAKEINFO=makeinfo --split-size=5000000' 'YACC=bison -y' --cache-file=.././config.cache --srcdir=.././../../libiberty
configure:6184: checking for termios.h
configure:6184: result: yes
configure:6184: checking for sys/reg.h
configure:6184: result: no
configure:6184: checking for string.h
configure:6184: result: yes
configure:6184: checking for proc_service.h
configure:6184: result: yes
configure:6184: checking for sys/procfs.h
configure:6184: result: yes
configure:6184: checking linux/elf.h usability
configure:6184: aarch64-buildroot-linux-gnu-gcc -c -g -O2  conftest.c >&5
configure:6184: $? = 0
configure:6184: result: yes
configure:6184: checking linux/elf.h presence
configure:6184: aarch64-buildroot-linux-gnu-gcc -E  conftest.c
configure:6184: $? = 0
configure:6184: result: yes
configure:6184: checking for linux/elf.h
configure:6184: result: yes
configure:6184: checking fcntl.h usability
configure:6184: aarch64-buildroot-linux-gnu-gcc -c -g -O2  conftest.c >&5
configure:6184: $? = 0
configure:6184: result: yes
configure:6184: checking fcntl.h presence
configure:6184: aarch64-buildroot-linux-gnu-gcc -E  conftest.c
configure:6184: $? = 0
configure:6184: result: yes
configure:6184: checking for fcntl.h
configure:6184: result: yes
configure:6184: checking for signal.h
configure:6184: result: yes
configure:6184: checking for sys/file.h
configure:6184: result: yes
configure:6184: checking for sys/ioctl.h
configure:6184: result: yes
configure:6184: checking netinet/in.h usability
configure:6184: aarch64-buildroot-linux-gnu-gcc -c -g -O2  conftest.c >&5
configure:6184: $? = 0
configure:6184: result: yes
configure:6184: checking netinet/in.h presence
configure:6184: aarch64-buildroot-linux-gnu-gcc -E  conftest.c
configure:6184: $? = 0
configure:6184: result: yes
configure:6184: checking for netinet/in.h
configure:6184: result: yes
configure:6184: checking for sys/socket.h
configure:6184: result: yes
configure:6184: checking netdb.h usability
configure:6184: aarch64-buildroot-linux-gnu-gcc -c -g -O2  conftest.c >&5
configure:6184: $? = 0
configure:6184: result: yes
configure:6184: checking netdb.h presence
configure:6184: aarch64-buildroot-linux-gnu-gcc -E  conftest.c
configure:6184: $? = 0
configure:6184: result: yes
configure:6184: checking for netdb.h
configure:6184: result: yes
configure:6184: checking netinet/tcp.h usability
configure:6184: aarch64-buildroot-linux-gnu-gcc -c -g -O2  conftest.c >&5
configure:6184: $? = 0
configure:6184: result: yes
configure:6184: checking netinet/tcp.h presence
configure:6184: aarch64-buildroot-linux-gnu-gcc -E  conftest.c
configure:6184: $? = 0
configure:6184: result: yes
configure:6184: checking for netinet/tcp.h
configure:6184: result: yes
configure:6184: checking arpa/inet.h usability
configure:6184: aarch64-buildroot-linux-gnu-gcc -c -g -O2  conftest.c >&5
configure:6184: $? = 0
configure:6184: result: yes
configure:6184: checking arpa/inet.h presence
configure:6184: aarch64-buildroot-linux-gnu-gcc -E  conftest.c
configure:6184: $? = 0
configure:6184: result: yes
configure:6184: checking for arpa/inet.h
configure:6184: result: yes
configure:6195: checking for pid_t
configure:6195: result: yes
configure:6208: checking for vfork.h
configure:6208: result: no
configure:6221: checking for fork
configure:6221: result: yes
configure:6221: checking for vfork
configure:6221: result: yes
configure:6232: checking for working fork
configure:6264: result: yes
configure:6285: checking for working vfork
configure:6395: result: yes
configure:6423: checking for getauxval
configure:6423: result: yes
configure:6423: checking for pread
configure:6423: result: yes
configure:6423: checking for pwrite
configure:6423: result: yes
configure:6423: checking for pread64
configure:6423: result: yes
configure:6423: checking for setns
configure:6423: result: yes
configure:6435: checking for ANSI C header files
configure:6539: result: yes
configure:6549: checking for working alloca.h
configure:6574: result: yes
configure:6582: checking for alloca
configure:6627: result: yes
configure:6739: checking for nl_langinfo and CODESET
configure:6764: result: yes
configure:6776: checking for linux/perf_event.h
configure:6776: result: yes
configure:6776: checking for locale.h
configure:6776: result: yes
configure:6776: checking for memory.h
configure:6776: result: yes
configure:6776: checking for signal.h
configure:6776: result: yes
configure:6776: checking for sys/resource.h
configure:6776: result: yes
configure:6776: checking for sys/socket.h
configure:6776: result: yes
configure:6776: checking for sys/un.h
configure:6776: result: yes
configure:6776: checking for sys/wait.h
configure:6776: result: yes
configure:6776: checking for thread_db.h
configure:6776: result: yes
configure:6776: checking for wait.h
configure:6776: result: yes
configure:6776: checking for termios.h
configure:6776: result: yes
configure:6791: checking for fdwalk
configure:6791: result: no
configure:6791: checking for getrlimit
configure:6791: result: yes
configure:6791: checking for pipe
configure:6791: result: yes
configure:6791: checking for pipe2
configure:6791: result: yes
configure:6791: checking for socketpair
configure:6791: result: yes
configure:6791: checking for sigaction
configure:6791: result: yes
configure:6802: checking whether strerror is declared
configure:6802: result: yes
configure:6812: checking whether strstr is declared
configure:6812: result: yes
configure:6824: checking for sigsetjmp
configure:6849: result: yes
configure:6864: checking for sys/ptrace.h
configure:6864: result: yes
configure:6864: checking for ptrace.h
configure:6864: result: no
configure:6886: checking whether ptrace is declared
configure:6886: result: yes
configure:6908: checking return type of ptrace
configure:6947: result: long
configure:6955: checking types of arguments for ptrace
configure:7031: result: enum __ptrace_request,int,long,long
configure:7108: checking for ust
configure:7124: aarch64-buildroot-linux-gnu-gcc -c -g -O2   conftest.c >&5
conftest.c:80:10: fatal error: ust/ust.h: No such file or directory
   80 | #include <ust/ust.h>
      |          ^~~~~~~~~~~
compilation terminated.
configure:7124: $? = 1
configure: failed program was:
| /* confdefs.h */
| #define PACKAGE_NAME ""
| #define PACKAGE_TARNAME ""
| #define PACKAGE_VERSION ""
| #define PACKAGE_STRING ""
| #define PACKAGE_BUGREPORT ""
| #define PACKAGE_URL ""
| #define STDC_HEADERS 1
| #define HAVE_SYS_TYPES_H 1
| #define HAVE_SYS_STAT_H 1
| #define HAVE_STDLIB_H 1
| #define HAVE_STRING_H 1
| #define HAVE_MEMORY_H 1
| #define HAVE_STRINGS_H 1
| #define HAVE_INTTYPES_H 1
| #define HAVE_STDINT_H 1
| #define HAVE_UNISTD_H 1
| #define __EXTENSIONS__ 1
| #define _ALL_SOURCE 1
| #define _GNU_SOURCE 1
| #define _POSIX_PTHREAD_SEMANTICS 1
| #define _TANDEM_SOURCE 1
| #define HAVE_CXX11 1
| #define STDC_HEADERS 1
| #define HAVE_TERMIOS_H 1
| #define HAVE_STRING_H 1
| #define HAVE_PROC_SERVICE_H 1
| #define HAVE_SYS_PROCFS_H 1
| #define HAVE_LINUX_ELF_H 1
| #define HAVE_FCNTL_H 1
| #define HAVE_SIGNAL_H 1
| #define HAVE_SYS_FILE_H 1
| #define HAVE_SYS_IOCTL_H 1
| #define HAVE_NETINET_IN_H 1
| #define HAVE_SYS_SOCKET_H 1
| #define HAVE_NETDB_H 1
| #define HAVE_NETINET_TCP_H 1
| #define HAVE_ARPA_INET_H 1
| #define HAVE_FORK 1
| #define HAVE_VFORK 1
| #define HAVE_WORKING_VFORK 1
| #define HAVE_WORKING_FORK 1
| #define HAVE_GETAUXVAL 1
| #define HAVE_PREAD 1
| #define HAVE_PWRITE 1
| #define HAVE_PREAD64 1
| #define HAVE_SETNS 1
| #define STDC_HEADERS 1
| #define HAVE_ALLOCA_H 1
| #define HAVE_ALLOCA 1
| #define HAVE_LANGINFO_CODESET 1
| #define HAVE_LINUX_PERF_EVENT_H 1
| #define HAVE_LOCALE_H 1
| #define HAVE_MEMORY_H 1
| #define HAVE_SIGNAL_H 1
| #define HAVE_SYS_RESOURCE_H 1
| #define HAVE_SYS_SOCKET_H 1
| #define HAVE_SYS_UN_H 1
| #define HAVE_SYS_WAIT_H 1
| #define HAVE_THREAD_DB_H 1
| #define HAVE_WAIT_H 1
| #define HAVE_TERMIOS_H 1
| #define HAVE_GETRLIMIT 1
| #define HAVE_PIPE 1
| #define HAVE_PIPE2 1
| #define HAVE_SOCKETPAIR 1
| #define HAVE_SIGACTION 1
| #define HAVE_DECL_STRERROR 1
| #define HAVE_DECL_STRSTR 1
| #define HAVE_SIGSETJMP 1
| #define HAVE_SYS_PTRACE_H 1
| #define HAVE_DECL_PTRACE 1
| #define PTRACE_TYPE_RET long
| #define PTRACE_TYPE_ARG1 enum __ptrace_request
| #define PTRACE_TYPE_ARG3 long
| #define PTRACE_TYPE_ARG4 long
| /* end confdefs.h.  */
| 
| #define CONFIG_UST_GDB_INTEGRATION
| #include <ust/ust.h>
| 
| int
| main ()
| {
| 
|   ;
|   return 0;
| }
configure:7130: result: no
configure:7227: checking compiler warning flags
configure:7260: aarch64-buildroot-linux-gnu-g++ -c -g -O2 -Werror -Wall  conftest.cpp >&5
configure:7260: $? = 0
configure:7260: aarch64-buildroot-linux-gnu-g++ -c -g -O2 -Werror -Wpointer-arith  conftest.cpp >&5
configure:7260: $? = 0
configure:7260: aarch64-buildroot-linux-gnu-g++ -c -g -O2 -Werror -Wunused  conftest.cpp >&5
configure:7260: $? = 0
configure:7260: aarch64-buildroot-linux-gnu-g++ -c -g -O2 -Werror -Wunused-value  conftest.cpp >&5
configure:7260: $? = 0
configure:7260: aarch64-buildroot-linux-gnu-g++ -c -g -O2 -Werror -Wunused-function  conftest.cpp >&5
configure:7260: $? = 0
configure:7260: aarch64-buildroot-linux-gnu-g++ -c -g -O2 -Werror -Wswitch  conftest.cpp >&5
configure:7260: $? = 0
configure:7260: aarch64-buildroot-linux-gnu-g++ -c -g -O2 -Werror -Wchar-subscripts  conftest.cpp >&5
configure:7260: $? = 0
configure:7260: aarch64-buildroot-linux-gnu-g++ -c -g -O2 -Werror -Wempty-body  conftest.cpp >&5
configure:7260: $? = 0
configure:7260: aarch64-buildroot-linux-gnu-g++ -c -g -O2 -Werror -Wunused-but-set-parameter  conftest.cpp >&5
configure:7260: $? = 0
configure:7260: aarch64-buildroot-linux-gnu-g++ -c -g -O2 -Werror -Wunused-but-set-variable  conftest.cpp >&5
configure:7260: $? = 0
configure:7260: aarch64-buildroot-linux-gnu-g++ -c -g -O2 -Werror -Wsign-compare  conftest.cpp >&5
configure:7260: $? = 0
configure:7260: aarch64-buildroot-linux-gnu-g++ -c -g -O2 -Werror -Wnarrowing  conftest.cpp >&5
configure:7260: $? = 0
configure:7260: aarch64-buildroot-linux-gnu-g++ -c -g -O2 -Werror -Werror=maybe-uninitialized  conftest.cpp >&5
configure:7260: $? = 0
configure:7260: aarch64-buildroot-linux-gnu-g++ -c -g -O2 -Werror -Wmismatched-tags  conftest.cpp >&5
configure:7260: $? = 0
configure:7260: aarch64-buildroot-linux-gnu-g++ -c -g -O2 -Werror -Wformat-nonliteral  conftest.cpp >&5
cc1plus: error: '-Wformat-nonliteral' ignored without '-Wformat' [-Werror=format-nonliteral]
cc1plus: all warnings being treated as errors
configure:7260: $? = 1
configure: failed program was:
| /* confdefs.h */
| #define PACKAGE_NAME ""
| #define PACKAGE_TARNAME ""
| #define PACKAGE_VERSION ""
| #define PACKAGE_STRING ""
| #define PACKAGE_BUGREPORT ""
| #define PACKAGE_URL ""
| #define STDC_HEADERS 1
| #define HAVE_SYS_TYPES_H 1
| #define HAVE_SYS_STAT_H 1
| #define HAVE_STDLIB_H 1
| #define HAVE_STRING_H 1
| #define HAVE_MEMORY_H 1
| #define HAVE_STRINGS_H 1
| #define HAVE_INTTYPES_H 1
| #define HAVE_STDINT_H 1
| #define HAVE_UNISTD_H 1
| #define __EXTENSIONS__ 1
| #define _ALL_SOURCE 1
| #define _GNU_SOURCE 1
| #define _POSIX_PTHREAD_SEMANTICS 1
| #define _TANDEM_SOURCE 1
| #define HAVE_CXX11 1
| #define STDC_HEADERS 1
| #define HAVE_TERMIOS_H 1
| #define HAVE_STRING_H 1
| #define HAVE_PROC_SERVICE_H 1
| #define HAVE_SYS_PROCFS_H 1
| #define HAVE_LINUX_ELF_H 1
| #define HAVE_FCNTL_H 1
| #define HAVE_SIGNAL_H 1
| #define HAVE_SYS_FILE_H 1
| #define HAVE_SYS_IOCTL_H 1
| #define HAVE_NETINET_IN_H 1
| #define HAVE_SYS_SOCKET_H 1
| #define HAVE_NETDB_H 1
| #define HAVE_NETINET_TCP_H 1
| #define HAVE_ARPA_INET_H 1
| #define HAVE_FORK 1
| #define HAVE_VFORK 1
| #define HAVE_WORKING_VFORK 1
| #define HAVE_WORKING_FORK 1
| #define HAVE_GETAUXVAL 1
| #define HAVE_PREAD 1
| #define HAVE_PWRITE 1
| #define HAVE_PREAD64 1
| #define HAVE_SETNS 1
| #define STDC_HEADERS 1
| #define HAVE_ALLOCA_H 1
| #define HAVE_ALLOCA 1
| #define HAVE_LANGINFO_CODESET 1
| #define HAVE_LINUX_PERF_EVENT_H 1
| #define HAVE_LOCALE_H 1
| #define HAVE_MEMORY_H 1
| #define HAVE_SIGNAL_H 1
| #define HAVE_SYS_RESOURCE_H 1
| #define HAVE_SYS_SOCKET_H 1
| #define HAVE_SYS_UN_H 1
| #define HAVE_SYS_WAIT_H 1
| #define HAVE_THREAD_DB_H 1
| #define HAVE_WAIT_H 1
| #define HAVE_TERMIOS_H 1
| #define HAVE_GETRLIMIT 1
| #define HAVE_PIPE 1
| #define HAVE_PIPE2 1
| #define HAVE_SOCKETPAIR 1
| #define HAVE_SIGACTION 1
| #define HAVE_DECL_STRERROR 1
| #define HAVE_DECL_STRSTR 1
| #define HAVE_SIGSETJMP 1
| #define HAVE_SYS_PTRACE_H 1
| #define HAVE_DECL_PTRACE 1
| #define PTRACE_TYPE_RET long
| #define PTRACE_TYPE_ARG1 enum __ptrace_request
| #define PTRACE_TYPE_ARG3 long
| #define PTRACE_TYPE_ARG4 long
| /* end confdefs.h.  */
| 
| int
| main ()
| {
| 
|   ;
|   return 0;
| }
configure:7268: result:  -Wall -Wpointer-arith -Wno-unused -Wunused-value -Wunused-function -Wno-switch -Wno-char-subscripts -Wempty-body -Wunused-but-set-parameter -Wunused-but-set-variable -Wno-sign-compare -Wno-narrowing -Wno-error=maybe-uninitialized -Wno-mismatched-tags 
configure:7291: checking for dladdr
configure:7291: aarch64-buildroot-linux-gnu-gcc -o conftest -g -O2  -static-libstdc++ -static-libgcc  conftest.c  -ldl >&5
configure:7291: $? = 0
configure:7291: result: yes
configure:7304: checking for long long
configure:7304: result: yes
configure:7315: checking size of long long
configure:7335: result: 8
configure:7348: checking whether basename is declared
configure:7348: result: yes
configure:7358: checking whether ffs is declared
configure:7358: result: yes
configure:7368: checking whether asprintf is declared
configure:7368: result: yes
configure:7378: checking whether vasprintf is declared
configure:7378: result: yes
configure:7388: checking whether snprintf is declared
configure:7388: result: yes
configure:7398: checking whether vsnprintf is declared
configure:7398: result: yes
configure:7409: checking whether strtol is declared
configure:7409: result: yes
configure:7419: checking whether strtoul is declared
configure:7419: result: yes
configure:7429: checking whether strtoll is declared
configure:7429: result: yes
configure:7439: checking whether strtoull is declared
configure:7439: result: yes
configure:7450: checking whether strverscmp is declared
configure:7450: result: yes
configure:7463: checking whether strerror is declared
configure:7463: result: yes
configure:7473: checking whether perror is declared
configure:7473: aarch64-buildroot-linux-gnu-gcc -c -g -O2  conftest.c >&5
configure:7473: $? = 0
configure:7473: result: yes
configure:7483: checking whether vasprintf is declared
configure:7483: result: yes
configure:7493: checking whether vsnprintf is declared
configure:7493: result: yes
configure:7505: checking for struct stat.st_blocks
configure:7505: result: yes
configure:7514: checking for struct stat.st_blksize
configure:7514: result: yes
configure:7528: checking for struct user_regs_struct.fs_base
configure:7528: result: no
configure:7539: checking for struct user_regs_struct.gs_base
configure:7539: result: no
configure:7553: checking for socklen_t
configure:7553: result: yes
configure:7580: checking for Elf32_auxv_t
configure:7580: aarch64-buildroot-linux-gnu-gcc -c -g -O2  conftest.c >&5
configure:7580: $? = 0
configure:7580: aarch64-buildroot-linux-gnu-gcc -c -g -O2  conftest.c >&5
conftest.c: In function 'main':
conftest.c:105:27: error: expected expression before ')' token
  105 | if (sizeof ((Elf32_auxv_t)))
      |                           ^
configure:7580: $? = 1
configure: failed program was:
| /* confdefs.h */
| #define PACKAGE_NAME ""
| #define PACKAGE_TARNAME ""
| #define PACKAGE_VERSION ""
| #define PACKAGE_STRING ""
| #define PACKAGE_BUGREPORT ""
| #define PACKAGE_URL ""
| #define STDC_HEADERS 1
| #define HAVE_SYS_TYPES_H 1
| #define HAVE_SYS_STAT_H 1
| #define HAVE_STDLIB_H 1
| #define HAVE_STRING_H 1
| #define HAVE_MEMORY_H 1
| #define HAVE_STRINGS_H 1
| #define HAVE_INTTYPES_H 1
| #define HAVE_STDINT_H 1
| #define HAVE_UNISTD_H 1
| #define __EXTENSIONS__ 1
| #define _ALL_SOURCE 1
| #define _GNU_SOURCE 1
| #define _POSIX_PTHREAD_SEMANTICS 1
| #define _TANDEM_SOURCE 1
| #define HAVE_CXX11 1
| #define STDC_HEADERS 1
| #define HAVE_TERMIOS_H 1
| #define HAVE_STRING_H 1
| #define HAVE_PROC_SERVICE_H 1
| #define HAVE_SYS_PROCFS_H 1
| #define HAVE_LINUX_ELF_H 1
| #define HAVE_FCNTL_H 1
| #define HAVE_SIGNAL_H 1
| #define HAVE_SYS_FILE_H 1
| #define HAVE_SYS_IOCTL_H 1
| #define HAVE_NETINET_IN_H 1
| #define HAVE_SYS_SOCKET_H 1
| #define HAVE_NETDB_H 1
| #define HAVE_NETINET_TCP_H 1
| #define HAVE_ARPA_INET_H 1
| #define HAVE_FORK 1
| #define HAVE_VFORK 1
| #define HAVE_WORKING_VFORK 1
| #define HAVE_WORKING_FORK 1
| #define HAVE_GETAUXVAL 1
| #define HAVE_PREAD 1
| #define HAVE_PWRITE 1
| #define HAVE_PREAD64 1
| #define HAVE_SETNS 1
| #define STDC_HEADERS 1
| #define HAVE_ALLOCA_H 1
| #define HAVE_ALLOCA 1
| #define HAVE_LANGINFO_CODESET 1
| #define HAVE_LINUX_PERF_EVENT_H 1
| #define HAVE_LOCALE_H 1
| #define HAVE_MEMORY_H 1
| #define HAVE_SIGNAL_H 1
| #define HAVE_SYS_RESOURCE_H 1
| #define HAVE_SYS_SOCKET_H 1
| #define HAVE_SYS_UN_H 1
| #define HAVE_SYS_WAIT_H 1
| #define HAVE_THREAD_DB_H 1
| #define HAVE_WAIT_H 1
| #define HAVE_TERMIOS_H 1
| #define HAVE_GETRLIMIT 1
| #define HAVE_PIPE 1
| #define HAVE_PIPE2 1
| #define HAVE_SOCKETPAIR 1
| #define HAVE_SIGACTION 1
| #define HAVE_DECL_STRERROR 1
| #define HAVE_DECL_STRSTR 1
| #define HAVE_SIGSETJMP 1
| #define HAVE_SYS_PTRACE_H 1
| #define HAVE_DECL_PTRACE 1
| #define PTRACE_TYPE_RET long
| #define PTRACE_TYPE_ARG1 enum __ptrace_request
| #define PTRACE_TYPE_ARG3 long
| #define PTRACE_TYPE_ARG4 long
| #define HAVE_DLADDR 1
| #define HAVE_LONG_LONG 1
| #define SIZEOF_LONG_LONG 8
| #define HAVE_DECL_BASENAME 1
| #define HAVE_DECL_FFS 1
| #define HAVE_DECL_ASPRINTF 1
| #define HAVE_DECL_VASPRINTF 1
| #define HAVE_DECL_SNPRINTF 1
| #define HAVE_DECL_VSNPRINTF 1
| #define HAVE_DECL_STRTOL 1
| #define HAVE_DECL_STRTOUL 1
| #define HAVE_DECL_STRTOLL 1
| #define HAVE_DECL_STRTOULL 1
| #define HAVE_DECL_STRVERSCMP 1
| #define HAVE_DECL_STRERROR 1
| #define HAVE_DECL_PERROR 1
| #define HAVE_DECL_VASPRINTF 1
| #define HAVE_DECL_VSNPRINTF 1
| #define HAVE_STRUCT_STAT_ST_BLOCKS 1
| #define HAVE_STRUCT_STAT_ST_BLKSIZE 1
| #define HAVE_SOCKLEN_T 1
| /* end confdefs.h.  */
| #include <elf.h>
| 
| 
| int
| main ()
| {
| if (sizeof ((Elf32_auxv_t)))
| 	    return 0;
|   ;
|   return 0;
| }
configure:7580: result: yes
configure:7591: checking for Elf64_auxv_t
configure:7591: aarch64-buildroot-linux-gnu-gcc -c -g -O2  conftest.c >&5
configure:7591: $? = 0
configure:7591: aarch64-buildroot-linux-gnu-gcc -c -g -O2  conftest.c >&5
conftest.c: In function 'main':
conftest.c:106:27: error: expected expression before ')' token
  106 | if (sizeof ((Elf64_auxv_t)))
      |                           ^
configure:7591: $? = 1
configure: failed program was:
| /* confdefs.h */
| #define PACKAGE_NAME ""
| #define PACKAGE_TARNAME ""
| #define PACKAGE_VERSION ""
| #define PACKAGE_STRING ""
| #define PACKAGE_BUGREPORT ""
| #define PACKAGE_URL ""
| #define STDC_HEADERS 1
| #define HAVE_SYS_TYPES_H 1
| #define HAVE_SYS_STAT_H 1
| #define HAVE_STDLIB_H 1
| #define HAVE_STRING_H 1
| #define HAVE_MEMORY_H 1
| #define HAVE_STRINGS_H 1
| #define HAVE_INTTYPES_H 1
| #define HAVE_STDINT_H 1
| #define HAVE_UNISTD_H 1
| #define __EXTENSIONS__ 1
| #define _ALL_SOURCE 1
| #define _GNU_SOURCE 1
| #define _POSIX_PTHREAD_SEMANTICS 1
| #define _TANDEM_SOURCE 1
| #define HAVE_CXX11 1
| #define STDC_HEADERS 1
| #define HAVE_TERMIOS_H 1
| #define HAVE_STRING_H 1
| #define HAVE_PROC_SERVICE_H 1
| #define HAVE_SYS_PROCFS_H 1
| #define HAVE_LINUX_ELF_H 1
| #define HAVE_FCNTL_H 1
| #define HAVE_SIGNAL_H 1
| #define HAVE_SYS_FILE_H 1
| #define HAVE_SYS_IOCTL_H 1
| #define HAVE_NETINET_IN_H 1
| #define HAVE_SYS_SOCKET_H 1
| #define HAVE_NETDB_H 1
| #define HAVE_NETINET_TCP_H 1
| #define HAVE_ARPA_INET_H 1
| #define HAVE_FORK 1
| #define HAVE_VFORK 1
| #define HAVE_WORKING_VFORK 1
| #define HAVE_WORKING_FORK 1
| #define HAVE_GETAUXVAL 1
| #define HAVE_PREAD 1
| #define HAVE_PWRITE 1
| #define HAVE_PREAD64 1
| #define HAVE_SETNS 1
| #define STDC_HEADERS 1
| #define HAVE_ALLOCA_H 1
| #define HAVE_ALLOCA 1
| #define HAVE_LANGINFO_CODESET 1
| #define HAVE_LINUX_PERF_EVENT_H 1
| #define HAVE_LOCALE_H 1
| #define HAVE_MEMORY_H 1
| #define HAVE_SIGNAL_H 1
| #define HAVE_SYS_RESOURCE_H 1
| #define HAVE_SYS_SOCKET_H 1
| #define HAVE_SYS_UN_H 1
| #define HAVE_SYS_WAIT_H 1
| #define HAVE_THREAD_DB_H 1
| #define HAVE_WAIT_H 1
| #define HAVE_TERMIOS_H 1
| #define HAVE_GETRLIMIT 1
| #define HAVE_PIPE 1
| #define HAVE_PIPE2 1
| #define HAVE_SOCKETPAIR 1
| #define HAVE_SIGACTION 1
| #define HAVE_DECL_STRERROR 1
| #define HAVE_DECL_STRSTR 1
| #define HAVE_SIGSETJMP 1
| #define HAVE_SYS_PTRACE_H 1
| #define HAVE_DECL_PTRACE 1
| #define PTRACE_TYPE_RET long
| #define PTRACE_TYPE_ARG1 enum __ptrace_request
| #define PTRACE_TYPE_ARG3 long
| #define PTRACE_TYPE_ARG4 long
| #define HAVE_DLADDR 1
| #define HAVE_LONG_LONG 1
| #define SIZEOF_LONG_LONG 8
| #define HAVE_DECL_BASENAME 1
| #define HAVE_DECL_FFS 1
| #define HAVE_DECL_ASPRINTF 1
| #define HAVE_DECL_VASPRINTF 1
| #define HAVE_DECL_SNPRINTF 1
| #define HAVE_DECL_VSNPRINTF 1
| #define HAVE_DECL_STRTOL 1
| #define HAVE_DECL_STRTOUL 1
| #define HAVE_DECL_STRTOLL 1
| #define HAVE_DECL_STRTOULL 1
| #define HAVE_DECL_STRVERSCMP 1
| #define HAVE_DECL_STRERROR 1
| #define HAVE_DECL_PERROR 1
| #define HAVE_DECL_VASPRINTF 1
| #define HAVE_DECL_VSNPRINTF 1
| #define HAVE_STRUCT_STAT_ST_BLOCKS 1
| #define HAVE_STRUCT_STAT_ST_BLKSIZE 1
| #define HAVE_SOCKLEN_T 1
| #define HAVE_ELF32_AUXV_T 1
| /* end confdefs.h.  */
| #include <elf.h>
| 
| 
| int
| main ()
| {
| if (sizeof ((Elf64_auxv_t)))
| 	    return 0;
|   ;
|   return 0;
| }
configure:7591: result: yes
configure:7788: checking for PTRACE_GETREGS
configure:7804: aarch64-buildroot-linux-gnu-gcc -c -g -O2  conftest.c >&5
conftest.c: In function 'main':
conftest.c:108:1: error: 'PTRACE_GETREGS' undeclared (first use in this function); did you mean 'PTRACE_GETREGSET'?
  108 | PTRACE_GETREGS;
      | ^~~~~~~~~~~~~~
      | PTRACE_GETREGSET
conftest.c:108:1: note: each undeclared identifier is reported only once for each function it appears in
configure:7804: $? = 1
configure: failed program was:
| /* confdefs.h */
| #define PACKAGE_NAME ""
| #define PACKAGE_TARNAME ""
| #define PACKAGE_VERSION ""
| #define PACKAGE_STRING ""
| #define PACKAGE_BUGREPORT ""
| #define PACKAGE_URL ""
| #define STDC_HEADERS 1
| #define HAVE_SYS_TYPES_H 1
| #define HAVE_SYS_STAT_H 1
| #define HAVE_STDLIB_H 1
| #define HAVE_STRING_H 1
| #define HAVE_MEMORY_H 1
| #define HAVE_STRINGS_H 1
| #define HAVE_INTTYPES_H 1
| #define HAVE_STDINT_H 1
| #define HAVE_UNISTD_H 1
| #define __EXTENSIONS__ 1
| #define _ALL_SOURCE 1
| #define _GNU_SOURCE 1
| #define _POSIX_PTHREAD_SEMANTICS 1
| #define _TANDEM_SOURCE 1
| #define HAVE_CXX11 1
| #define STDC_HEADERS 1
| #define HAVE_TERMIOS_H 1
| #define HAVE_STRING_H 1
| #define HAVE_PROC_SERVICE_H 1
| #define HAVE_SYS_PROCFS_H 1
| #define HAVE_LINUX_ELF_H 1
| #define HAVE_FCNTL_H 1
| #define HAVE_SIGNAL_H 1
| #define HAVE_SYS_FILE_H 1
| #define HAVE_SYS_IOCTL_H 1
| #define HAVE_NETINET_IN_H 1
| #define HAVE_SYS_SOCKET_H 1
| #define HAVE_NETDB_H 1
| #define HAVE_NETINET_TCP_H 1
| #define HAVE_ARPA_INET_H 1
| #define HAVE_FORK 1
| #define HAVE_VFORK 1
| #define HAVE_WORKING_VFORK 1
| #define HAVE_WORKING_FORK 1
| #define HAVE_GETAUXVAL 1
| #define HAVE_PREAD 1
| #define HAVE_PWRITE 1
| #define HAVE_PREAD64 1
| #define HAVE_SETNS 1
| #define STDC_HEADERS 1
| #define HAVE_ALLOCA_H 1
| #define HAVE_ALLOCA 1
| #define HAVE_LANGINFO_CODESET 1
| #define HAVE_LINUX_PERF_EVENT_H 1
| #define HAVE_LOCALE_H 1
| #define HAVE_MEMORY_H 1
| #define HAVE_SIGNAL_H 1
| #define HAVE_SYS_RESOURCE_H 1
| #define HAVE_SYS_SOCKET_H 1
| #define HAVE_SYS_UN_H 1
| #define HAVE_SYS_WAIT_H 1
| #define HAVE_THREAD_DB_H 1
| #define HAVE_WAIT_H 1
| #define HAVE_TERMIOS_H 1
| #define HAVE_GETRLIMIT 1
| #define HAVE_PIPE 1
| #define HAVE_PIPE2 1
| #define HAVE_SOCKETPAIR 1
| #define HAVE_SIGACTION 1
| #define HAVE_DECL_STRERROR 1
| #define HAVE_DECL_STRSTR 1
| #define HAVE_SIGSETJMP 1
| #define HAVE_SYS_PTRACE_H 1
| #define HAVE_DECL_PTRACE 1
| #define PTRACE_TYPE_RET long
| #define PTRACE_TYPE_ARG1 enum __ptrace_request
| #define PTRACE_TYPE_ARG3 long
| #define PTRACE_TYPE_ARG4 long
| #define HAVE_DLADDR 1
| #define HAVE_LONG_LONG 1
| #define SIZEOF_LONG_LONG 8
| #define HAVE_DECL_BASENAME 1
| #define HAVE_DECL_FFS 1
| #define HAVE_DECL_ASPRINTF 1
| #define HAVE_DECL_VASPRINTF 1
| #define HAVE_DECL_SNPRINTF 1
| #define HAVE_DECL_VSNPRINTF 1
| #define HAVE_DECL_STRTOL 1
| #define HAVE_DECL_STRTOUL 1
| #define HAVE_DECL_STRTOLL 1
| #define HAVE_DECL_STRTOULL 1
| #define HAVE_DECL_STRVERSCMP 1
| #define HAVE_DECL_STRERROR 1
| #define HAVE_DECL_PERROR 1
| #define HAVE_DECL_VASPRINTF 1
| #define HAVE_DECL_VSNPRINTF 1
| #define HAVE_STRUCT_STAT_ST_BLOCKS 1
| #define HAVE_STRUCT_STAT_ST_BLKSIZE 1
| #define HAVE_SOCKLEN_T 1
| #define HAVE_ELF32_AUXV_T 1
| #define HAVE_ELF64_AUXV_T 1
| #define PKGVERSION "(GDB) "
| #define REPORT_BUGS_TO "<http://www.gnu.org/software/gdb/bugs/>"
| #define HAVE_LINUX_REGSETS 1
| /* end confdefs.h.  */
| #include <sys/ptrace.h>
| int
| main ()
| {
| PTRACE_GETREGS;
|   ;
|   return 0;
| }
configure:7812: result: no
configure:7820: checking for PTRACE_GETFPXREGS
configure:7836: aarch64-buildroot-linux-gnu-gcc -c -g -O2  conftest.c >&5
conftest.c: In function 'main':
conftest.c:108:1: error: 'PTRACE_GETFPXREGS' undeclared (first use in this function); did you mean 'PTRACE_GETREGSET'?
  108 | PTRACE_GETFPXREGS;
      | ^~~~~~~~~~~~~~~~~
      | PTRACE_GETREGSET
conftest.c:108:1: note: each undeclared identifier is reported only once for each function it appears in
configure:7836: $? = 1
configure: failed program was:
| /* confdefs.h */
| #define PACKAGE_NAME ""
| #define PACKAGE_TARNAME ""
| #define PACKAGE_VERSION ""
| #define PACKAGE_STRING ""
| #define PACKAGE_BUGREPORT ""
| #define PACKAGE_URL ""
| #define STDC_HEADERS 1
| #define HAVE_SYS_TYPES_H 1
| #define HAVE_SYS_STAT_H 1
| #define HAVE_STDLIB_H 1
| #define HAVE_STRING_H 1
| #define HAVE_MEMORY_H 1
| #define HAVE_STRINGS_H 1
| #define HAVE_INTTYPES_H 1
| #define HAVE_STDINT_H 1
| #define HAVE_UNISTD_H 1
| #define __EXTENSIONS__ 1
| #define _ALL_SOURCE 1
| #define _GNU_SOURCE 1
| #define _POSIX_PTHREAD_SEMANTICS 1
| #define _TANDEM_SOURCE 1
| #define HAVE_CXX11 1
| #define STDC_HEADERS 1
| #define HAVE_TERMIOS_H 1
| #define HAVE_STRING_H 1
| #define HAVE_PROC_SERVICE_H 1
| #define HAVE_SYS_PROCFS_H 1
| #define HAVE_LINUX_ELF_H 1
| #define HAVE_FCNTL_H 1
| #define HAVE_SIGNAL_H 1
| #define HAVE_SYS_FILE_H 1
| #define HAVE_SYS_IOCTL_H 1
| #define HAVE_NETINET_IN_H 1
| #define HAVE_SYS_SOCKET_H 1
| #define HAVE_NETDB_H 1
| #define HAVE_NETINET_TCP_H 1
| #define HAVE_ARPA_INET_H 1
| #define HAVE_FORK 1
| #define HAVE_VFORK 1
| #define HAVE_WORKING_VFORK 1
| #define HAVE_WORKING_FORK 1
| #define HAVE_GETAUXVAL 1
| #define HAVE_PREAD 1
| #define HAVE_PWRITE 1
| #define HAVE_PREAD64 1
| #define HAVE_SETNS 1
| #define STDC_HEADERS 1
| #define HAVE_ALLOCA_H 1
| #define HAVE_ALLOCA 1
| #define HAVE_LANGINFO_CODESET 1
| #define HAVE_LINUX_PERF_EVENT_H 1
| #define HAVE_LOCALE_H 1
| #define HAVE_MEMORY_H 1
| #define HAVE_SIGNAL_H 1
| #define HAVE_SYS_RESOURCE_H 1
| #define HAVE_SYS_SOCKET_H 1
| #define HAVE_SYS_UN_H 1
| #define HAVE_SYS_WAIT_H 1
| #define HAVE_THREAD_DB_H 1
| #define HAVE_WAIT_H 1
| #define HAVE_TERMIOS_H 1
| #define HAVE_GETRLIMIT 1
| #define HAVE_PIPE 1
| #define HAVE_PIPE2 1
| #define HAVE_SOCKETPAIR 1
| #define HAVE_SIGACTION 1
| #define HAVE_DECL_STRERROR 1
| #define HAVE_DECL_STRSTR 1
| #define HAVE_SIGSETJMP 1
| #define HAVE_SYS_PTRACE_H 1
| #define HAVE_DECL_PTRACE 1
| #define PTRACE_TYPE_RET long
| #define PTRACE_TYPE_ARG1 enum __ptrace_request
| #define PTRACE_TYPE_ARG3 long
| #define PTRACE_TYPE_ARG4 long
| #define HAVE_DLADDR 1
| #define HAVE_LONG_LONG 1
| #define SIZEOF_LONG_LONG 8
| #define HAVE_DECL_BASENAME 1
| #define HAVE_DECL_FFS 1
| #define HAVE_DECL_ASPRINTF 1
| #define HAVE_DECL_VASPRINTF 1
| #define HAVE_DECL_SNPRINTF 1
| #define HAVE_DECL_VSNPRINTF 1
| #define HAVE_DECL_STRTOL 1
| #define HAVE_DECL_STRTOUL 1
| #define HAVE_DECL_STRTOLL 1
| #define HAVE_DECL_STRTOULL 1
| #define HAVE_DECL_STRVERSCMP 1
| #define HAVE_DECL_STRERROR 1
| #define HAVE_DECL_PERROR 1
| #define HAVE_DECL_VASPRINTF 1
| #define HAVE_DECL_VSNPRINTF 1
| #define HAVE_STRUCT_STAT_ST_BLOCKS 1
| #define HAVE_STRUCT_STAT_ST_BLKSIZE 1
| #define HAVE_SOCKLEN_T 1
| #define HAVE_ELF32_AUXV_T 1
| #define HAVE_ELF64_AUXV_T 1
| #define PKGVERSION "(GDB) "
| #define REPORT_BUGS_TO "<http://www.gnu.org/software/gdb/bugs/>"
| #define HAVE_LINUX_REGSETS 1
| /* end confdefs.h.  */
| #include <sys/ptrace.h>
| int
| main ()
| {
| PTRACE_GETFPXREGS;
|   ;
|   return 0;
| }
configure:7844: result: no
configure:7860: checking for lwpid_t in sys/procfs.h
configure:7894: result: yes
configure:7897: checking for psaddr_t in sys/procfs.h
configure:7931: result: yes
configure:7934: checking for prgregset_t in sys/procfs.h
configure:7968: result: yes
configure:7971: checking for prfpregset_t in sys/procfs.h
configure:8005: result: yes
configure:8008: checking for elf_fpregset_t in sys/procfs.h
configure:8028: aarch64-buildroot-linux-gnu-gcc -c -g -O2  conftest.c >&5
configure:8028: $? = 0
configure:8042: result: yes
configure:8122: checking for dlopen in -ldl
configure:8147: aarch64-buildroot-linux-gnu-gcc -o conftest -g -O2  -static-libstdc++ -static-libgcc  conftest.c -ldl   >&5
configure:8147: $? = 0
configure:8156: result: yes
configure:8175: checking for the dynamic export flag
configure:8193: aarch64-buildroot-linux-gnu-gcc -o conftest -g -O2  -static-libstdc++ -static-libgcc  -Wl,--dynamic-list=./proc-service.list conftest.c  >&5
configure:8193: $? = 0
configure:8223: result: -Wl,--dynamic-list
configure:8233: checking for TD_VERSION
configure:8249: aarch64-buildroot-linux-gnu-gcc -c -g -O2  conftest.c >&5
configure:8249: $? = 0
configure:8256: result: yes
configure:8296: checking whether the target supports __sync_*_compare_and_swap
configure:8313: aarch64-buildroot-linux-gnu-gcc -o conftest -g -O2  -static-libstdc++ -static-libgcc  conftest.c  >&5
configure:8313: $? = 0
configure:8321: result: yes
configure:8342: aarch64-buildroot-linux-gnu-gcc -c -g -O2 -fvisibility=hidden  conftest.c >&5
configure:8342: $? = 0
configure:8350: checking whether ADDR_NO_RANDOMIZE is declared
configure:8350: result: yes
configure:8382: aarch64-buildroot-linux-gnu-gcc -o conftest -g -O2  -static-libstdc++ -static-libgcc  conftest.c  >&5
configure:8382: $? = 0
configure:8541: updating cache .././config.cache
configure:8582: creating ./config.status

## ---------------------- ##
## Running config.status. ##
## ---------------------- ##

This file was extended by config.status, which was
generated by GNU Autoconf 2.64.  Invocation command line was

  CONFIG_FILES    = 
  CONFIG_HEADERS  = 
  CONFIG_LINKS    = 
  CONFIG_COMMANDS = 
  $ ./config.status 

on dianyu

config.status:958: creating Makefile
config.status:958: creating config.h
config.status:1138: executing depdir commands
config.status:1138: executing gdbdepdir commands

## ---------------- ##
## Cache variables. ##
## ---------------- ##

ac_cv_build=x86_64-pc-linux-gnu
ac_cv_c_bigendian=no
ac_cv_c_compiler_gnu=yes
ac_cv_c_const=yes
ac_cv_c_inline=inline
ac_cv_cxx_compiler_gnu=yes
ac_cv_env_CCC_set=
ac_cv_env_CCC_value=
ac_cv_env_CC_set=set
ac_cv_env_CC_value=aarch64-buildroot-linux-gnu-gcc
ac_cv_env_CFLAGS_set=set
ac_cv_env_CFLAGS_value='-g -O2'
ac_cv_env_CPPFLAGS_set=
ac_cv_env_CPPFLAGS_value=
ac_cv_env_CPP_set=
ac_cv_env_CPP_value=
ac_cv_env_CXXFLAGS_set=set
ac_cv_env_CXXFLAGS_value='-g -O2'
ac_cv_env_CXX_set=set
ac_cv_env_CXX_value=aarch64-buildroot-linux-gnu-g++
ac_cv_env_LDFLAGS_set=set
ac_cv_env_LDFLAGS_value='-static-libstdc++ -static-libgcc '
ac_cv_env_LIBS_set=
ac_cv_env_LIBS_value=
ac_cv_env_MAKEINFOFLAGS_set=
ac_cv_env_MAKEINFOFLAGS_value=
ac_cv_env_MAKEINFO_set=set
ac_cv_env_MAKEINFO_value='makeinfo --split-size=5000000'
ac_cv_env_XMKMF_set=
ac_cv_env_XMKMF_value=
ac_cv_env_YACC_set=set
ac_cv_env_YACC_value='bison -y'
ac_cv_env_YFLAGS_set=
ac_cv_env_YFLAGS_value=
ac_cv_env_build_alias_set=set
ac_cv_env_build_alias_value=x86_64-linux-gnu
ac_cv_env_host_alias_set=set
ac_cv_env_host_alias_value=aarch64-buildroot-linux-gnu
ac_cv_env_target_alias_set=set
ac_cv_env_target_alias_value=aarch64-buildroot-linux-gnu
ac_cv_func_XML_StopParser=yes
ac_cv_func__mcleanup=yes
ac_cv_func_alloca_works=yes
ac_cv_func_btowc=yes
ac_cv_func_dladdr=yes
ac_cv_func_fdwalk=no
ac_cv_func_fork=yes
ac_cv_func_fork_works=yes
ac_cv_func_getauxval=yes
ac_cv_func_getgid=yes
ac_cv_func_getpagesize=yes
ac_cv_func_getrlimit=yes
ac_cv_func_getrusage=yes
ac_cv_func_getuid=yes
ac_cv_func_iconvlist=no
ac_cv_func_libiconvlist=no
ac_cv_func_mkdtemp=yes
ac_cv_func_mmap_fixed_mapped=no
ac_cv_func_monstartup=yes
ac_cv_func_pipe2=yes
ac_cv_func_pipe=yes
ac_cv_func_poll=yes
ac_cv_func_posix_madvise=yes
ac_cv_func_pread64=yes
ac_cv_func_pread=yes
ac_cv_func_ptrace64=no
ac_cv_func_pwrite=yes
ac_cv_func_resize_term=yes
ac_cv_func_sbrk=yes
ac_cv_func_setlocale=yes
ac_cv_func_setns=yes
ac_cv_func_setpgid=yes
ac_cv_func_setpgrp=yes
ac_cv_func_setpgrp_void=yes
ac_cv_func_setrlimit=yes
ac_cv_func_setsid=yes
ac_cv_func_sigaction=yes
ac_cv_func_sigaltstack=yes
ac_cv_func_sigprocmask=yes
ac_cv_func_sigsetmask=yes
ac_cv_func_socketpair=yes
ac_cv_func_ttrace=no
ac_cv_func_vfork=yes
ac_cv_func_vfork_works=yes
ac_cv_func_waitpid=yes
ac_cv_func_wborder=yes
ac_cv_func_wresize=yes
ac_cv_have_decl_ADDR_NO_RANDOMIZE=yes
ac_cv_have_decl_asprintf=yes
ac_cv_have_decl_basename_char_p_=yes
ac_cv_have_decl_ffs=yes
ac_cv_have_decl_free=yes
ac_cv_have_decl_malloc=yes
ac_cv_have_decl_perror=yes
ac_cv_have_decl_ptrace=yes
ac_cv_have_decl_realloc=yes
ac_cv_have_decl_snprintf=yes
ac_cv_have_decl_strerror=yes
ac_cv_have_decl_strstr=yes
ac_cv_have_decl_strtol=yes
ac_cv_have_decl_strtoll=yes
ac_cv_have_decl_strtoul=yes
ac_cv_have_decl_strtoull=yes
ac_cv_have_decl_strverscmp=yes
ac_cv_have_decl_vasprintf=yes
ac_cv_have_decl_vsnprintf=yes
ac_cv_have_x=have_x=no
ac_cv_header_arpa_inet_h=yes
ac_cv_header_cursesX_h=no
ac_cv_header_curses_h=yes
ac_cv_header_dlfcn_h=yes
ac_cv_header_elf_hp_h=no
ac_cv_header_fcntl_h=yes
ac_cv_header_inttypes_h=yes
ac_cv_header_libunwind_ia64_h=no
ac_cv_header_linux_elf_h=yes
ac_cv_header_linux_perf_event_h=yes
ac_cv_header_locale_h=yes
ac_cv_header_machine_reg_h=no
ac_cv_header_memory_h=yes
ac_cv_header_minix_config_h=no
ac_cv_header_ncurses_h=yes
ac_cv_header_ncurses_ncurses_h=no
ac_cv_header_ncurses_term_h=no
ac_cv_header_ncursesw_ncurses_h=no
ac_cv_header_netdb_h=yes
ac_cv_header_netinet_in_h=yes
ac_cv_header_netinet_tcp_h=yes
ac_cv_header_nlist_h=no
ac_cv_header_poll_h=yes
ac_cv_header_proc_service_h=yes
ac_cv_header_pthread_h=yes
ac_cv_header_ptrace_h=no
ac_cv_header_signal_h=yes
ac_cv_header_stdc=yes
ac_cv_header_stdint_h=yes
ac_cv_header_stdlib_h=yes
ac_cv_header_string_h=yes
ac_cv_header_strings_h=yes
ac_cv_header_sys_debugreg_h=no
ac_cv_header_sys_file_h=yes
ac_cv_header_sys_filio_h=no
ac_cv_header_sys_ioctl_h=yes
ac_cv_header_sys_param_h=yes
ac_cv_header_sys_poll_h=yes
ac_cv_header_sys_procfs_h=yes
ac_cv_header_sys_ptrace_h=yes
ac_cv_header_sys_reg_h=no
ac_cv_header_sys_resource_h=yes
ac_cv_header_sys_select_h=yes
ac_cv_header_sys_socket_h=yes
ac_cv_header_sys_stat_h=yes
ac_cv_header_sys_types_h=yes
ac_cv_header_sys_un_h=yes
ac_cv_header_sys_user_h=yes
ac_cv_header_sys_wait_h=yes
ac_cv_header_term_h=yes
ac_cv_header_termios_h=yes
ac_cv_header_thread_db_h=yes
ac_cv_header_unistd_h=yes
ac_cv_header_vfork_h=no
ac_cv_header_wait_h=yes
ac_cv_header_windows_h=no
ac_cv_host=aarch64-buildroot-linux-gnu
ac_cv_lib_dl_dlopen=yes
ac_cv_lib_m_main=yes
ac_cv_libbabeltrace=no
ac_cv_libexpat=yes
ac_cv_libipt=no
ac_cv_liblzma=no
ac_cv_libmpfr=no
ac_cv_member_struct_ptrace_lwpinfo_pl_syscall_code=no
ac_cv_member_struct_ptrace_lwpinfo_pl_tdname=no
ac_cv_member_struct_reg_r_fs=no
ac_cv_member_struct_reg_r_gs=no
ac_cv_member_struct_stat_st_blksize=yes
ac_cv_member_struct_stat_st_blocks=yes
ac_cv_member_struct_thread_td_pcb=no
ac_cv_member_struct_user_regs_struct_fs_base=no
ac_cv_member_struct_user_regs_struct_gs_base=no
ac_cv_objext=o
ac_cv_path_EGREP='/bin/grep -E'
ac_cv_path_GREP=/bin/grep
ac_cv_path_XSLTPROC=/home/dianyu/dujuan/sail_rk356x_linux_release_v1.3.0_20220620/buildroot/output/sail_rk3568/host/bin/xsltproc
ac_cv_path_pkg_config_prog_path=/home/dianyu/dujuan/sail_rk356x_linux_release_v1.3.0_20220620/buildroot/output/sail_rk3568/host/bin/pkg-config
ac_cv_prog_AR=aarch64-buildroot-linux-gnu-ar
ac_cv_prog_AWK=gawk
ac_cv_prog_CC=aarch64-buildroot-linux-gnu-gcc
ac_cv_prog_CPP='aarch64-buildroot-linux-gnu-gcc -E'
ac_cv_prog_DLLTOOL=aarch64-buildroot-linux-gnu-dlltool
ac_cv_prog_RANLIB=aarch64-buildroot-linux-gnu-ranlib
ac_cv_prog_STRIP=aarch64-buildroot-linux-gnu-strip
ac_cv_prog_WINDRES=aarch64-buildroot-linux-gnu-windres
ac_cv_prog_YACC='bison -y'
ac_cv_prog_cc_c89=
ac_cv_prog_cc_g=yes
ac_cv_prog_cxx_g=yes
ac_cv_safe_to_define___extensions__=yes
ac_cv_search_dlopen='none required'
ac_cv_search_gethostbyname='none required'
ac_cv_search_kinfo_getvmmap=no
ac_cv_search_socketpair='none required'
ac_cv_search_tgetent='none required'
ac_cv_search_waddstr=-lncurses
ac_cv_sizeof_long_long=8
ac_cv_sizeof_unsigned___int128=16
ac_cv_sizeof_unsigned_long=8
ac_cv_sizeof_unsigned_long_long=8
ac_cv_sys_file_offset_bits=no
ac_cv_sys_largefile_CC=no
ac_cv_target=aarch64-buildroot-linux-gnu
ac_cv_type_Elf32_auxv_t=yes
ac_cv_type_Elf64_auxv_t=yes
ac_cv_type_long_long=yes
ac_cv_type_pid_t=yes
ac_cv_type_socklen_t=yes
ac_cv_var__etext=yes
ac_cv_var_etext=yes
ac_cv_working_alloca_h=yes
acl_cv_hardcode_direct=no
acl_cv_hardcode_libdir_flag_spec='${wl}-rpath ${wl}$libdir'
acl_cv_hardcode_libdir_separator=
acl_cv_hardcode_minus_L=no
acl_cv_libext=a
acl_cv_path_LD=/home/dianyu/dujuan/sail_rk356x_linux_release_v1.3.0_20220620/buildroot/output/sail_rk3568/host/lib/gcc/aarch64-buildroot-linux-gnu/10.3.0/../../../../aarch64-buildroot-linux-gnu/bin/ld
acl_cv_prog_gnu_ld=yes
acl_cv_rpath=done
acl_cv_shlibext=so
acl_cv_wl=-Wl,
am_cv_CC_dependencies_compiler_type=gcc3
am_cv_func_iconv=yes
am_cv_langinfo_codeset=yes
am_cv_lib_iconv=no
am_cv_prog_cc_stdc=
am_cv_proto_iconv='extern size_t iconv (iconv_t cd, char * *inbuf, size_t *inbytesleft, char * *outbuf, size_t *outbytesleft);'
am_cv_proto_iconv_arg1=
am_cv_val_LC_MESSAGES=yes
ax_cv_cxx_compile_cxx11=yes
bfd_cv_have_sys_procfs_type_elf_fpregset_t=yes
bfd_cv_have_sys_procfs_type_fpregset_t=no
bfd_cv_have_sys_procfs_type_gregset_t=no
bfd_cv_have_sys_procfs_type_lwpid_t=yes
bfd_cv_have_sys_procfs_type_prfpregset_t=yes
bfd_cv_have_sys_procfs_type_prgregset32_t=no
bfd_cv_have_sys_procfs_type_prgregset_t=yes
bfd_cv_have_sys_procfs_type_psaddr_t=yes
gdb_cv_c_long_double=yes
gdb_cv_c_long_long=yes
gdb_cv_func_ptrace_args='enum __ptrace_request,int,long,long'
gdb_cv_func_ptrace_ret=long
gdb_cv_func_sigsetjmp=yes
gdb_cv_have_gnu_regex=yes
gdb_cv_have_makeinfo_click=yes
gdb_cv_have_pt_getdbregs=no
gdb_cv_have_pt_getxmmregs=no
gdb_cv_have_ptrace_getfpxregs=no
gdb_cv_have_ptrace_getregs=no
gdb_cv_os_cygwin=no
gdb_cv_prfpregset_t_broken=yes
gdb_cv_printf_has_decfloat=no
gdb_cv_printf_has_long_double=no
gdb_cv_printf_has_long_long=no
gdb_cv_scanf_has_long_double=no
gdb_cv_struct_lwp=no
gdb_cv_struct_reg=no
gdb_cv_thread_db_h_has_td_notalloc=yes
gdb_cv_thread_db_h_has_td_notls=yes
gdb_cv_thread_db_h_has_td_version=yes
gdb_cv_var_elf=yes
gdb_cv_var_macho=no
gdbsrv_cv_have_personality=true
gdbsrv_cv_have_ptrace_getfpxregs=no
gdbsrv_cv_have_ptrace_getregs=no
gdbsrv_cv_have_sync_builtins=yes
gdbsrv_cv_have_td_version=yes
gdbsrv_cv_have_visibility_hidden=yes

## ----------------- ##
## Output variables. ##
## ----------------- ##

ALLOCA=''
AR='aarch64-buildroot-linux-gnu-ar'
CC='aarch64-buildroot-linux-gnu-gcc'
CCDEPMODE='depmode=gcc3'
CFLAGS='-g -O2'
CONFIG_SRC_SUBDIR='arch'
CPP='aarch64-buildroot-linux-gnu-gcc -E'
CPPFLAGS=''
CXX='aarch64-buildroot-linux-gnu-g++'
CXXFLAGS='-g -O2'
CXX_DIALECT=''
DEFS='-DHAVE_CONFIG_H'
DEPDIR='.deps'
ECHO_C=''
ECHO_N='-n'
ECHO_T=''
EGREP='/bin/grep -E'
EXEEXT=''
GDBSERVER_DEPFILES='arm-with-neon.o linux-aarch64-low.o aarch64-linux-hw-point.o linux-aarch32-low.o arch/arm.o aarch64-linux.o arch/aarch64-insn.o arch/aarch64.o linux-aarch64-tdesc.o linux-low.o linux-osdata.o linux-procfs.o linux-ptrace.o linux-waitpid.o linux-personality.o linux-namespaces.o fork-child.o fork-inferior.o hostio-errno.o thread-db.o proc-service.o posix-strerror.o '
GDBSERVER_LIBS='-ldl'
GNULIB_STDINT_H=''
GREP='/bin/grep'
HAVE_CXX11='1'
INSTALL_DATA='/usr/bin/install -c -m 644'
INSTALL_PROGRAM='/usr/bin/install -c'
INSTALL_SCRIPT='/usr/bin/install -c'
IPA_DEPFILES='linux-aarch64-ipa.o linux-aarch64-tdesc-ipa.o arch/aarch64-ipa.o'
LDFLAGS='-static-libstdc++ -static-libgcc '
LIBOBJS=''
LIBS=''
LTLIBOBJS=''
MAINT='#'
MAINTAINER_MODE_FALSE=''
MAINTAINER_MODE_TRUE='#'
OBJEXT='o'
PACKAGE_BUGREPORT=''
PACKAGE_NAME=''
PACKAGE_STRING=''
PACKAGE_TARNAME=''
PACKAGE_URL=''
PACKAGE_VERSION=''
PATH_SEPARATOR=':'
PKGVERSION='(GDB) '
RANLIB='aarch64-buildroot-linux-gnu-ranlib'
RDYNAMIC='-Wl,--dynamic-list=$(srcdir)/proc-service.list'
REPORT_BUGS_TEXI='@uref{http://www.gnu.org/software/gdb/bugs/}'
REPORT_BUGS_TO='<http://www.gnu.org/software/gdb/bugs/>'
SHELL='/bin/bash'
WARN_CFLAGS=' -Wall -Wpointer-arith -Wno-unused -Wunused-value -Wunused-function -Wno-switch -Wno-char-subscripts -Wempty-body -Wunused-but-set-parameter -Wunused-but-set-variable -Wno-sign-compare -Wno-narrowing -Wno-error=maybe-uninitialized -Wno-mismatched-tags'
WERROR_CFLAGS=''
ac_ct_CC=''
ac_ct_CXX=''
am__leading_dot='.'
bindir='${exec_prefix}/bin'
build='x86_64-pc-linux-gnu'
build_alias='x86_64-linux-gnu'
build_cpu='x86_64'
build_os='linux-gnu'
build_vendor='pc'
datadir='${datarootdir}'
datarootdir='${prefix}/share'
docdir='${datarootdir}/doc/${PACKAGE}'
dvidir='${docdir}'
exec_prefix='${prefix}'
extra_libraries=' libinproctrace.so'
host='aarch64-buildroot-linux-gnu'
host_alias='aarch64-buildroot-linux-gnu'
host_cpu='aarch64'
host_noncanonical='aarch64-buildroot-linux-gnu'
host_os='linux-gnu'
host_vendor='buildroot'
htmldir='${docdir}'
includedir='${prefix}/include'
infodir='${datarootdir}/info'
libdir='${exec_prefix}/lib'
libexecdir='${exec_prefix}/libexec'
localedir='${datarootdir}/locale'
localstatedir='${prefix}/var'
mandir='${datarootdir}/man'
oldincludedir='/usr/include'
pdfdir='${docdir}'
prefix='/home/dianyu/dujuan/local'
program_transform_name='s,y,y,'
psdir='${docdir}'
sbindir='${exec_prefix}/sbin'
sharedstatedir='${prefix}/com'
srv_xmlbuiltin='xml-builtin.o'
srv_xmlfiles=' $(XML_DIR)/aarch64.xml $(XML_DIR)/aarch64-core.xml $(XML_DIR)/aarch64-fpu.xml $(XML_DIR)/arm/arm-core.xml $(XML_DIR)/arm/arm-vfpv3.xml $(XML_DIR)/arm/arm-with-neon.xml'
sysconfdir='${prefix}/etc'
target='aarch64-buildroot-linux-gnu'
target_alias='aarch64-buildroot-linux-gnu'
target_cpu='aarch64'
target_noncanonical='aarch64-buildroot-linux-gnu'
target_os='linux-gnu'
target_vendor='buildroot'
ustinc=''
ustlibs=''

## ----------- ##
## confdefs.h. ##
## ----------- ##

/* confdefs.h */
#define PACKAGE_NAME ""
#define PACKAGE_TARNAME ""
#define PACKAGE_VERSION ""
#define PACKAGE_STRING ""
#define PACKAGE_BUGREPORT ""
#define PACKAGE_URL ""
#define STDC_HEADERS 1
#define HAVE_SYS_TYPES_H 1
#define HAVE_SYS_STAT_H 1
#define HAVE_STDLIB_H 1
#define HAVE_STRING_H 1
#define HAVE_MEMORY_H 1
#define HAVE_STRINGS_H 1
#define HAVE_INTTYPES_H 1
#define HAVE_STDINT_H 1
#define HAVE_UNISTD_H 1
#define __EXTENSIONS__ 1
#define _ALL_SOURCE 1
#define _GNU_SOURCE 1
#define _POSIX_PTHREAD_SEMANTICS 1
#define _TANDEM_SOURCE 1
#define HAVE_CXX11 1
#define STDC_HEADERS 1
#define HAVE_TERMIOS_H 1
#define HAVE_STRING_H 1
#define HAVE_PROC_SERVICE_H 1
#define HAVE_SYS_PROCFS_H 1
#define HAVE_LINUX_ELF_H 1
#define HAVE_FCNTL_H 1
#define HAVE_SIGNAL_H 1
#define HAVE_SYS_FILE_H 1
#define HAVE_SYS_IOCTL_H 1
#define HAVE_NETINET_IN_H 1
#define HAVE_SYS_SOCKET_H 1
#define HAVE_NETDB_H 1
#define HAVE_NETINET_TCP_H 1
#define HAVE_ARPA_INET_H 1
#define HAVE_FORK 1
#define HAVE_VFORK 1
#define HAVE_WORKING_VFORK 1
#define HAVE_WORKING_FORK 1
#define HAVE_GETAUXVAL 1
#define HAVE_PREAD 1
#define HAVE_PWRITE 1
#define HAVE_PREAD64 1
#define HAVE_SETNS 1
#define STDC_HEADERS 1
#define HAVE_ALLOCA_H 1
#define HAVE_ALLOCA 1
#define HAVE_LANGINFO_CODESET 1
#define HAVE_LINUX_PERF_EVENT_H 1
#define HAVE_LOCALE_H 1
#define HAVE_MEMORY_H 1
#define HAVE_SIGNAL_H 1
#define HAVE_SYS_RESOURCE_H 1
#define HAVE_SYS_SOCKET_H 1
#define HAVE_SYS_UN_H 1
#define HAVE_SYS_WAIT_H 1
#define HAVE_THREAD_DB_H 1
#define HAVE_WAIT_H 1
#define HAVE_TERMIOS_H 1
#define HAVE_GETRLIMIT 1
#define HAVE_PIPE 1
#define HAVE_PIPE2 1
#define HAVE_SOCKETPAIR 1
#define HAVE_SIGACTION 1
#define HAVE_DECL_STRERROR 1
#define HAVE_DECL_STRSTR 1
#define HAVE_SIGSETJMP 1
#define HAVE_SYS_PTRACE_H 1
#define HAVE_DECL_PTRACE 1
#define PTRACE_TYPE_RET long
#define PTRACE_TYPE_ARG1 enum __ptrace_request
#define PTRACE_TYPE_ARG3 long
#define PTRACE_TYPE_ARG4 long
#define HAVE_DLADDR 1
#define HAVE_LONG_LONG 1
#define SIZEOF_LONG_LONG 8
#define HAVE_DECL_BASENAME 1
#define HAVE_DECL_FFS 1
#define HAVE_DECL_ASPRINTF 1
#define HAVE_DECL_VASPRINTF 1
#define HAVE_DECL_SNPRINTF 1
#define HAVE_DECL_VSNPRINTF 1
#define HAVE_DECL_STRTOL 1
#define HAVE_DECL_STRTOUL 1
#define HAVE_DECL_STRTOLL 1
#define HAVE_DECL_STRTOULL 1
#define HAVE_DECL_STRVERSCMP 1
#define HAVE_DECL_STRERROR 1
#define HAVE_DECL_PERROR 1
#define HAVE_DECL_VASPRINTF 1
#define HAVE_DECL_VSNPRINTF 1
#define HAVE_STRUCT_STAT_ST_BLOCKS 1
#define HAVE_STRUCT_STAT_ST_BLKSIZE 1
#define HAVE_SOCKLEN_T 1
#define HAVE_ELF32_AUXV_T 1
#define HAVE_ELF64_AUXV_T 1
#define PKGVERSION "(GDB) "
#define REPORT_BUGS_TO "<http://www.gnu.org/software/gdb/bugs/>"
#define HAVE_LINUX_REGSETS 1
#define HAVE_LWPID_T 1
#define HAVE_PSADDR_T 1
#define HAVE_PRGREGSET_T 1
#define HAVE_PRFPREGSET_T 1
#define HAVE_ELF_FPREGSET_T 1
#define HAVE_LIBDL 1
#define USE_THREAD_DB 1
#define HAVE_TD_VERSION 1
#define USE_XML 1
#define HAVE_SYNC_BUILTINS 1
#define HAVE_DECL_ADDR_NO_RANDOMIZE 1
#define HAVE_PERSONALITY 1

configure: exit 0
