This file contains any messages produced by compilers while
running configure, to aid debugging if configure makes a mistake.

It was created by configure, which was
generated by GNU Autoconf 2.64.  Invocation command line was

  $ /home/dianyu/dujuan/local/gdb-8.1.1/sim/configure --srcdir=.././sim --cache-file=./config.cache --prefix=/home/dianyu/dujuan/local --program-transform-name=s,y,y, --disable-option-checking --build=x86_64-linux-gnu --host=aarch64-buildroot-linux-gnu --target=aarch64-buildroot-linux-gnu

## --------- ##
## Platform. ##
## --------- ##

hostname = dianyu
uname -m = x86_64
uname -r = 5.4.0-146-generic
uname -s = Linux
uname -v = #163~18.04.1-Ubuntu SMP Mon Mar 20 15:02:59 UTC 2023

/usr/bin/uname -p = unknown
/bin/uname -X     = unknown

/bin/arch              = unknown
/usr/bin/arch -k       = unknown
/usr/convex/getsysinfo = unknown
/usr/bin/hostinfo      = unknown
/bin/machine           = unknown
/usr/bin/oslevel       = unknown
/bin/universe          = unknown

PATH: /home/dianyu/dujuan/sail_rk356x_linux_release_v1.3.0_20220620/buildroot/output/sail_rk3568/host/bin
PATH: /usr/local/sbin
PATH: /usr/local/bin
PATH: /usr/sbin
PATH: /usr/bin
PATH: /sbin
PATH: /bin
PATH: /usr/games
PATH: /usr/local/games
PATH: /snap/bin


## ----------- ##
## Core tests. ##
## ----------- ##

configure:1691: creating cache ./config.cache
configure:1776: checking for aarch64-buildroot-linux-gnu-gcc
configure:1803: result: aarch64-buildroot-linux-gnu-gcc
configure:2072: checking for C compiler version
configure:2081: aarch64-buildroot-linux-gnu-gcc --version >&5
aarch64-buildroot-linux-gnu-gcc.br_real (Buildroot 2018.02-rc3-dirty) 10.3.0
Copyright (C) 2020 Free Software Foundation, Inc.
This is free software; see the source for copying conditions.  There is NO
warranty; not even for MERCHANTABILITY or FITNESS FOR A PARTICULAR PURPOSE.

configure:2092: $? = 0
configure:2081: aarch64-buildroot-linux-gnu-gcc -v >&5
Using built-in specs.
COLLECT_GCC=/home/dianyu/dujuan/sail_rk356x_linux_release_v1.3.0_20220620/buildroot/output/sail_rk3568/host/bin/aarch64-buildroot-linux-gnu-gcc.br_real
COLLECT_LTO_WRAPPER=/home/dianyu/dujuan/sail_rk356x_linux_release_v1.3.0_20220620/buildroot/output/sail_rk3568/host/libexec/gcc/aarch64-buildroot-linux-gnu/10.3.0/lto-wrapper
Target: aarch64-buildroot-linux-gnu
Configured with: ./configure --prefix=/home/dianyu/dujuan/sail_rk356x_linux_release_v1.3.0_20220620/buildroot/output/sail_rk3568/host --sysconfdir=/home/dianyu/dujuan/sail_rk356x_linux_release_v1.3.0_20220620/buildroot/output/sail_rk3568/host/etc --enable-static --target=aarch64-buildroot-linux-gnu --with-sysroot=/home/dianyu/dujuan/sail_rk356x_linux_release_v1.3.0_20220620/buildroot/output/sail_rk3568/host/aarch64-buildroot-linux-gnu/sysroot --enable-__cxa_atexit --with-gnu-ld --disable-libssp --disable-multilib --disable-decimal-float --with-gmp=/home/dianyu/dujuan/sail_rk356x_linux_release_v1.3.0_20220620/buildroot/output/sail_rk3568/host --with-mpc=/home/dianyu/dujuan/sail_rk356x_linux_release_v1.3.0_20220620/buildroot/output/sail_rk3568/host --with-mpfr=/home/dianyu/dujuan/sail_rk356x_linux_release_v1.3.0_20220620/buildroot/output/sail_rk3568/host --with-pkgversion='Buildroot 2018.02-rc3-dirty' --with-bugurl=http://bugs.buildroot.net/ --without-zstd --disable-libquadmath --disable-libquadmath-support --enable-tls --enable-threads --without-isl --without-cloog --with-abi=lp64 --with-cpu=cortex-a55 --enable-languages=c,c++ --with-build-time-tools=/home/dianyu/dujuan/sail_rk356x_linux_release_v1.3.0_20220620/buildroot/output/sail_rk3568/host/aarch64-buildroot-linux-gnu/bin --enable-shared --disable-libgomp
Thread model: posix
Supported LTO compression algorithms: zlib
gcc version 10.3.0 (Buildroot 2018.02-rc3-dirty) 
configure:2092: $? = 0
configure:2081: aarch64-buildroot-linux-gnu-gcc -V >&5
aarch64-buildroot-linux-gnu-gcc.br_real: error: unrecognized command-line option '-V'
aarch64-buildroot-linux-gnu-gcc.br_real: fatal error: no input files
compilation terminated.
configure:2092: $? = 1
configure:2081: aarch64-buildroot-linux-gnu-gcc -qversion >&5
aarch64-buildroot-linux-gnu-gcc.br_real: error: unrecognized command-line option '-qversion'; did you mean '--version'?
aarch64-buildroot-linux-gnu-gcc.br_real: fatal error: no input files
compilation terminated.
configure:2092: $? = 1
configure:2112: checking for C compiler default output file name
configure:2134: aarch64-buildroot-linux-gnu-gcc -g -O2  -static-libstdc++ -static-libgcc  conftest.c  >&5
configure:2138: $? = 0
configure:2175: result: a.out
configure:2191: checking whether the C compiler works
configure:2219: result: yes
configure:2226: checking whether we are cross compiling
configure:2228: result: yes
configure:2231: checking for suffix of executables
configure:2238: aarch64-buildroot-linux-gnu-gcc -o conftest -g -O2  -static-libstdc++ -static-libgcc  conftest.c  >&5
configure:2242: $? = 0
configure:2264: result: 
configure:2270: checking for suffix of object files
configure:2292: aarch64-buildroot-linux-gnu-gcc -c -g -O2  conftest.c >&5
configure:2296: $? = 0
configure:2317: result: o
configure:2321: checking whether we are using the GNU C compiler
configure:2340: aarch64-buildroot-linux-gnu-gcc -c -g -O2  conftest.c >&5
configure:2340: $? = 0
configure:2349: result: yes
configure:2358: checking whether aarch64-buildroot-linux-gnu-gcc accepts -g
configure:2378: aarch64-buildroot-linux-gnu-gcc -c -g  conftest.c >&5
configure:2378: $? = 0
configure:2419: result: yes
configure:2436: checking for aarch64-buildroot-linux-gnu-gcc option to accept ISO C89
configure:2500: aarch64-buildroot-linux-gnu-gcc  -c -g -O2  conftest.c >&5
configure:2500: $? = 0
configure:2513: result: none needed
configure:2570: checking for a BSD-compatible install
configure:2638: result: /usr/bin/install -c
configure:2652: checking for aarch64-buildroot-linux-gnu-ar
configure:2679: result: aarch64-buildroot-linux-gnu-ar
configure:2744: checking for aarch64-buildroot-linux-gnu-ranlib
configure:2771: result: aarch64-buildroot-linux-gnu-ranlib
configure:2838: checking build system type
configure:2852: result: x86_64-pc-linux-gnu
configure:2872: checking host system type
configure:2885: result: aarch64-buildroot-linux-gnu
configure:2905: checking target system type
configure:2918: result: aarch64-buildroot-linux-gnu
configure:2963: checking for aarch64-buildroot-linux-gnu-gcc
configure:2990: result: aarch64-buildroot-linux-gnu-gcc
configure:3259: checking for C compiler version
configure:3268: aarch64-buildroot-linux-gnu-gcc --version >&5
aarch64-buildroot-linux-gnu-gcc.br_real (Buildroot 2018.02-rc3-dirty) 10.3.0
Copyright (C) 2020 Free Software Foundation, Inc.
This is free software; see the source for copying conditions.  There is NO
warranty; not even for MERCHANTABILITY or FITNESS FOR A PARTICULAR PURPOSE.

configure:3279: $? = 0
configure:3268: aarch64-buildroot-linux-gnu-gcc -v >&5
Using built-in specs.
COLLECT_GCC=/home/dianyu/dujuan/sail_rk356x_linux_release_v1.3.0_20220620/buildroot/output/sail_rk3568/host/bin/aarch64-buildroot-linux-gnu-gcc.br_real
COLLECT_LTO_WRAPPER=/home/dianyu/dujuan/sail_rk356x_linux_release_v1.3.0_20220620/buildroot/output/sail_rk3568/host/libexec/gcc/aarch64-buildroot-linux-gnu/10.3.0/lto-wrapper
Target: aarch64-buildroot-linux-gnu
Configured with: ./configure --prefix=/home/dianyu/dujuan/sail_rk356x_linux_release_v1.3.0_20220620/buildroot/output/sail_rk3568/host --sysconfdir=/home/dianyu/dujuan/sail_rk356x_linux_release_v1.3.0_20220620/buildroot/output/sail_rk3568/host/etc --enable-static --target=aarch64-buildroot-linux-gnu --with-sysroot=/home/dianyu/dujuan/sail_rk356x_linux_release_v1.3.0_20220620/buildroot/output/sail_rk3568/host/aarch64-buildroot-linux-gnu/sysroot --enable-__cxa_atexit --with-gnu-ld --disable-libssp --disable-multilib --disable-decimal-float --with-gmp=/home/dianyu/dujuan/sail_rk356x_linux_release_v1.3.0_20220620/buildroot/output/sail_rk3568/host --with-mpc=/home/dianyu/dujuan/sail_rk356x_linux_release_v1.3.0_20220620/buildroot/output/sail_rk3568/host --with-mpfr=/home/dianyu/dujuan/sail_rk356x_linux_release_v1.3.0_20220620/buildroot/output/sail_rk3568/host --with-pkgversion='Buildroot 2018.02-rc3-dirty' --with-bugurl=http://bugs.buildroot.net/ --without-zstd --disable-libquadmath --disable-libquadmath-support --enable-tls --enable-threads --without-isl --without-cloog --with-abi=lp64 --with-cpu=cortex-a55 --enable-languages=c,c++ --with-build-time-tools=/home/dianyu/dujuan/sail_rk356x_linux_release_v1.3.0_20220620/buildroot/output/sail_rk3568/host/aarch64-buildroot-linux-gnu/bin --enable-shared --disable-libgomp
Thread model: posix
Supported LTO compression algorithms: zlib
gcc version 10.3.0 (Buildroot 2018.02-rc3-dirty) 
configure:3279: $? = 0
configure:3268: aarch64-buildroot-linux-gnu-gcc -V >&5
aarch64-buildroot-linux-gnu-gcc.br_real: error: unrecognized command-line option '-V'
aarch64-buildroot-linux-gnu-gcc.br_real: fatal error: no input files
compilation terminated.
configure:3279: $? = 1
configure:3268: aarch64-buildroot-linux-gnu-gcc -qversion >&5
aarch64-buildroot-linux-gnu-gcc.br_real: error: unrecognized command-line option '-qversion'; did you mean '--version'?
aarch64-buildroot-linux-gnu-gcc.br_real: fatal error: no input files
compilation terminated.
configure:3279: $? = 1
configure:3283: checking whether we are using the GNU C compiler
configure:3311: result: yes
configure:3320: checking whether aarch64-buildroot-linux-gnu-gcc accepts -g
configure:3381: result: yes
configure:3398: checking for aarch64-buildroot-linux-gnu-gcc option to accept ISO C89
configure:3475: result: none needed
configure:3502: checking for aarch64-buildroot-linux-gnu-ranlib
configure:3529: result: aarch64-buildroot-linux-gnu-ranlib
configure:3917: updating cache ./config.cache
configure:3990: creating ./config.status

## ---------------------- ##
## Running config.status. ##
## ---------------------- ##

This file was extended by config.status, which was
generated by GNU Autoconf 2.64.  Invocation command line was

  CONFIG_FILES    = 
  CONFIG_HEADERS  = 
  CONFIG_LINKS    = 
  CONFIG_COMMANDS = 
  $ ./config.status 

on dianyu

config.status:740: creating Makefile
configure:5057: === configuring in aarch64 (/home/dianyu/dujuan/local/gdb-8.1.1/sim/aarch64)
configure:5120: running /bin/bash ./configure --disable-option-checking '--prefix=/home/dianyu/dujuan/local'  '--program-transform-name=s,y,y,' '--build=x86_64-linux-gnu' '--host=aarch64-buildroot-linux-gnu' '--target=aarch64-buildroot-linux-gnu' 'build_alias=x86_64-linux-gnu' 'host_alias=aarch64-buildroot-linux-gnu' 'target_alias=aarch64-buildroot-linux-gnu' 'CC=aarch64-buildroot-linux-gnu-gcc' 'CFLAGS=-g -O2' 'LDFLAGS=-static-libstdc++ -static-libgcc ' --cache-file=.././config.cache --srcdir=.
configure:5057: === configuring in testsuite (/home/dianyu/dujuan/local/gdb-8.1.1/sim/testsuite)
configure:5120: running /bin/bash ./configure --disable-option-checking '--prefix=/home/dianyu/dujuan/local'  '--program-transform-name=s,y,y,' '--build=x86_64-linux-gnu' '--host=aarch64-buildroot-linux-gnu' '--target=aarch64-buildroot-linux-gnu' 'build_alias=x86_64-linux-gnu' 'host_alias=aarch64-buildroot-linux-gnu' 'target_alias=aarch64-buildroot-linux-gnu' 'CC=aarch64-buildroot-linux-gnu-gcc' 'CFLAGS=-g -O2' 'LDFLAGS=-static-libstdc++ -static-libgcc ' --cache-file=.././config.cache --srcdir=.

## ---------------- ##
## Cache variables. ##
## ---------------- ##

ac_cv_build=x86_64-pc-linux-gnu
ac_cv_c_compiler_gnu=yes
ac_cv_env_CC_set=set
ac_cv_env_CC_value=aarch64-buildroot-linux-gnu-gcc
ac_cv_env_CFLAGS_set=set
ac_cv_env_CFLAGS_value='-g -O2'
ac_cv_env_CPPFLAGS_set=
ac_cv_env_CPPFLAGS_value=
ac_cv_env_LDFLAGS_set=set
ac_cv_env_LDFLAGS_value='-static-libstdc++ -static-libgcc '
ac_cv_env_LIBS_set=
ac_cv_env_LIBS_value=
ac_cv_env_build_alias_set=set
ac_cv_env_build_alias_value=x86_64-linux-gnu
ac_cv_env_host_alias_set=set
ac_cv_env_host_alias_value=aarch64-buildroot-linux-gnu
ac_cv_env_target_alias_set=set
ac_cv_env_target_alias_value=aarch64-buildroot-linux-gnu
ac_cv_host=aarch64-buildroot-linux-gnu
ac_cv_objext=o
ac_cv_prog_AR=aarch64-buildroot-linux-gnu-ar
ac_cv_prog_CC=aarch64-buildroot-linux-gnu-gcc
ac_cv_prog_RANLIB=aarch64-buildroot-linux-gnu-ranlib
ac_cv_prog_cc_c89=
ac_cv_prog_cc_g=yes
ac_cv_target=aarch64-buildroot-linux-gnu

## ----------------- ##
## Output variables. ##
## ----------------- ##

AR='aarch64-buildroot-linux-gnu-ar'
CC='aarch64-buildroot-linux-gnu-gcc'
CC_FOR_BUILD='gcc'
CFLAGS='-g -O2'
CFLAGS_FOR_BUILD=''
CPPFLAGS=''
DEFS='-DPACKAGE_NAME=\"\" -DPACKAGE_TARNAME=\"\" -DPACKAGE_VERSION=\"\" -DPACKAGE_STRING=\"\" -DPACKAGE_BUGREPORT=\"\" -DPACKAGE_URL=\"\"'
ECHO_C=''
ECHO_N='-n'
ECHO_T=''
EXEEXT=''
HDEFINES=''
INSTALL_DATA='/usr/bin/install -c -m 644'
INSTALL_PROGRAM='/usr/bin/install -c'
INSTALL_SCRIPT='/usr/bin/install -c'
LDFLAGS='-static-libstdc++ -static-libgcc '
LIBOBJS=''
LIBS=''
LTLIBOBJS=''
OBJEXT='o'
PACKAGE_BUGREPORT=''
PACKAGE_NAME=''
PACKAGE_STRING=''
PACKAGE_TARNAME=''
PACKAGE_URL=''
PACKAGE_VERSION=''
PATH_SEPARATOR=':'
RANLIB='aarch64-buildroot-linux-gnu-ranlib'
SHELL='/bin/bash'
ac_ct_CC=''
bindir='${exec_prefix}/bin'
build='x86_64-pc-linux-gnu'
build_alias='x86_64-linux-gnu'
build_cpu='x86_64'
build_os='linux-gnu'
build_vendor='pc'
datadir='${datarootdir}'
datarootdir='${prefix}/share'
docdir='${datarootdir}/doc/${PACKAGE}'
dvidir='${docdir}'
exec_prefix='${prefix}'
host='aarch64-buildroot-linux-gnu'
host_alias='aarch64-buildroot-linux-gnu'
host_cpu='aarch64'
host_os='linux-gnu'
host_vendor='buildroot'
htmldir='${docdir}'
includedir='${prefix}/include'
infodir='${datarootdir}/info'
libdir='${exec_prefix}/lib'
libexecdir='${exec_prefix}/libexec'
localedir='${datarootdir}/locale'
localstatedir='${prefix}/var'
mandir='${datarootdir}/man'
oldincludedir='/usr/include'
pdfdir='${docdir}'
prefix='/home/dianyu/dujuan/local'
program_transform_name='s,y,y,'
psdir='${docdir}'
sbindir='${exec_prefix}/sbin'
sharedstatedir='${prefix}/com'
sim_arch='aarch64'
subdirs=' aarch64 testsuite'
sysconfdir='${prefix}/etc'
target='aarch64-buildroot-linux-gnu'
target_alias='aarch64-buildroot-linux-gnu'
target_cpu='aarch64'
target_os='linux-gnu'
target_vendor='buildroot'

## ----------- ##
## confdefs.h. ##
## ----------- ##

/* confdefs.h */
#define PACKAGE_NAME ""
#define PACKAGE_TARNAME ""
#define PACKAGE_VERSION ""
#define PACKAGE_STRING ""
#define PACKAGE_BUGREPORT ""
#define PACKAGE_URL ""

configure: exit 0
